<?xml version="1.0" encoding="UTF-8"?>
<!-- Generated by org.testng.reporters.JUnitReportReporter -->
<testsuite skipped="0" hostname="ip-172-31-25-121" name="grid.GridTest" tests="1" failures="0" timestamp="2021-11-28T07:16:59 UTC" time="4.361" errors="0">
  <testcase name="test1" time="4.361" classname="grid.GridTest"/>
  <system-out/>
</testsuite> <!-- grid.GridTest -->
