<?xml version="1.0" encoding="UTF-8"?>
<!-- Generated by org.testng.reporters.JUnitReportReporter -->
<testsuite skipped="0" hostname="ip-172-31-25-121" name="testng.LoginTest" tests="1" failures="0" timestamp="2021-11-27T04:56:24 UTC" time="4.868" errors="0">
  <testcase name="test1" time="4.868" classname="testng.LoginTest"/>
  <system-out/>
</testsuite> <!-- testng.LoginTest -->
