<?xml version="1.0" encoding="UTF-8"?>
<!-- Generated by org.testng.reporters.JUnitReportReporter -->
<testsuite skipped="0" hostname="ip-172-31-25-121" name="testng.LoginTest" tests="1" failures="0" timestamp="27 Nov 2021 06:34:49 GMT" time="4.527" errors="0">
  <testcase name="test1" time="4.527" classname="testng.LoginTest"/>
</testsuite> <!-- testng.LoginTest -->
